28/03/2024 11:29:28 INFO    : [main.py:88] full config:
{
    "policy": "TickTock",
    "models": {
        "model0": {
            "mode": "train",
            "name": "resnet101-1"
        },
        "model1": {
            "mode": "train",
            "name": "resnet101-1"
        }
    },
    "shared_config": {
        "distribution": "poisson",
        "trace_path": "./inter_arrival_times.json",
        "pin_memory": true,
        "seed": 42
    },
    "resnet50": {
        "arch": "resnet50",
        "batch_size": 4,
        "num_iterations": 100,
        "request_rate": 15
    },
    "resnet101": {
        "arch": "resnet101",
        "batch_size": 32,
        "num_iterations": 500,
        "request_rate": 0
    },
    "mobilenet_v2": {
        "arch": "mobilenet_v2",
        "batch_size": 64,
        "num_iterations": 10000,
        "request_rate": 0
    },
    "bert": {
        "batch_size": 8,
        "arch": "base",
        "num_iterations": 500,
        "request_rate": 0
    },
    "transformer": {
        "arch": "base",
        "batch_size": 8,
        "num_iterations": 500,
        "request_rate": 0
    },
    "resnet50-1": {
        "arch": "resnet50",
        "batch_size": 32,
        "num_iterations": 500,
        "request_rate": 0
    },
    "resnet101-1": {
        "arch": "resnet101",
        "batch_size": 32,
        "num_iterations": 500,
        "request_rate": 0
    },
    "mobilenet_v2-1": {
        "arch": "mobilenet_v2",
        "batch_size": 64,
        "num_iterations": 1000,
        "request_rate": 100
    },
    "bert-1": {
        "batch_size": 8,
        "arch": "base",
        "num_iterations": 1000,
        "request_rate": 8
    },
    "transformer-1": {
        "arch": "base",
        "batch_size": 8,
        "num_iterations": 1000,
        "request_rate": 20
    }
}
28/03/2024 11:29:28 INFO    : [train_imagenet.py:106] vision model with arch resnet101
28/03/2024 11:29:28 INFO    : [train_imagenet.py:106] vision model with arch resnet101
28/03/2024 11:29:31 INFO    : [train_imagenet.py:54] model is set up with num iterations 500
28/03/2024 11:29:31 INFO    : [train_imagenet.py:54] model is set up with num iterations 500
28/03/2024 11:30:29 INFO    : [train_imagenet.py:99] tid 1 it takes 56.4056670665741 seconds to train imagenet
28/03/2024 11:30:29 INFO    : [train_imagenet.py:99] tid 0 it takes 56.36513710021973 seconds to train imagenet
28/03/2024 11:31:27 INFO    : [main.py:88] full config:
{
    "policy": "MPS",
    "models": {
        "model0": {
            "mode": "train",
            "name": "resnet101-1"
        },
        "model1": {
            "mode": "train",
            "name": "resnet101-1"
        }
    },
    "shared_config": {
        "distribution": "poisson",
        "trace_path": "./inter_arrival_times.json",
        "pin_memory": true,
        "seed": 42
    },
    "resnet50": {
        "arch": "resnet50",
        "batch_size": 4,
        "num_iterations": 100,
        "request_rate": 15
    },
    "resnet101": {
        "arch": "resnet101",
        "batch_size": 32,
        "num_iterations": 500,
        "request_rate": 0
    },
    "mobilenet_v2": {
        "arch": "mobilenet_v2",
        "batch_size": 64,
        "num_iterations": 10000,
        "request_rate": 0
    },
    "bert": {
        "batch_size": 8,
        "arch": "base",
        "num_iterations": 500,
        "request_rate": 0
    },
    "transformer": {
        "arch": "base",
        "batch_size": 8,
        "num_iterations": 500,
        "request_rate": 0
    },
    "resnet50-1": {
        "arch": "resnet50",
        "batch_size": 32,
        "num_iterations": 500,
        "request_rate": 0
    },
    "resnet101-1": {
        "arch": "resnet101",
        "batch_size": 32,
        "num_iterations": 500,
        "request_rate": 0
    },
    "mobilenet_v2-1": {
        "arch": "mobilenet_v2",
        "batch_size": 64,
        "num_iterations": 1000,
        "request_rate": 100
    },
    "bert-1": {
        "batch_size": 8,
        "arch": "base",
        "num_iterations": 1000,
        "request_rate": 8
    },
    "transformer-1": {
        "arch": "base",
        "batch_size": 8,
        "num_iterations": 1000,
        "request_rate": 20
    }
}
28/03/2024 11:33:16 INFO    : [main.py:88] full config:
{
    "policy": "MPS",
    "models": {
        "model0": {
            "mode": "train",
            "name": "resnet101-1"
        },
        "model1": {
            "mode": "train",
            "name": "resnet101-1"
        }
    },
    "shared_config": {
        "distribution": "poisson",
        "trace_path": "./inter_arrival_times.json",
        "pin_memory": true,
        "seed": 42
    },
    "resnet50": {
        "arch": "resnet50",
        "batch_size": 4,
        "num_iterations": 100,
        "request_rate": 15
    },
    "resnet101": {
        "arch": "resnet101",
        "batch_size": 32,
        "num_iterations": 500,
        "request_rate": 0
    },
    "mobilenet_v2": {
        "arch": "mobilenet_v2",
        "batch_size": 64,
        "num_iterations": 10000,
        "request_rate": 0
    },
    "bert": {
        "batch_size": 8,
        "arch": "base",
        "num_iterations": 500,
        "request_rate": 0
    },
    "transformer": {
        "arch": "base",
        "batch_size": 8,
        "num_iterations": 500,
        "request_rate": 0
    },
    "resnet50-1": {
        "arch": "resnet50",
        "batch_size": 32,
        "num_iterations": 500,
        "request_rate": 0
    },
    "resnet101-1": {
        "arch": "resnet101",
        "batch_size": 32,
        "num_iterations": 500,
        "request_rate": 0
    },
    "mobilenet_v2-1": {
        "arch": "mobilenet_v2",
        "batch_size": 64,
        "num_iterations": 1000,
        "request_rate": 100
    },
    "bert-1": {
        "batch_size": 8,
        "arch": "base",
        "num_iterations": 1000,
        "request_rate": 8
    },
    "transformer-1": {
        "arch": "base",
        "batch_size": 8,
        "num_iterations": 1000,
        "request_rate": 20
    }
}
28/03/2024 11:36:25 INFO    : [main.py:88] full config:
{
    "policy": "Streams",
    "models": {
        "model0": {
            "mode": "train",
            "name": "resnet101-1"
        },
        "model1": {
            "mode": "train",
            "name": "resnet101-1"
        }
    },
    "shared_config": {
        "distribution": "poisson",
        "trace_path": "./inter_arrival_times.json",
        "pin_memory": true,
        "seed": 42
    },
    "resnet50": {
        "arch": "resnet50",
        "batch_size": 4,
        "num_iterations": 100,
        "request_rate": 15
    },
    "resnet101": {
        "arch": "resnet101",
        "batch_size": 32,
        "num_iterations": 500,
        "request_rate": 0
    },
    "mobilenet_v2": {
        "arch": "mobilenet_v2",
        "batch_size": 64,
        "num_iterations": 10000,
        "request_rate": 0
    },
    "bert": {
        "batch_size": 8,
        "arch": "base",
        "num_iterations": 500,
        "request_rate": 0
    },
    "transformer": {
        "arch": "base",
        "batch_size": 8,
        "num_iterations": 500,
        "request_rate": 0
    },
    "resnet50-1": {
        "arch": "resnet50",
        "batch_size": 32,
        "num_iterations": 500,
        "request_rate": 0
    },
    "resnet101-1": {
        "arch": "resnet101",
        "batch_size": 32,
        "num_iterations": 500,
        "request_rate": 0
    },
    "mobilenet_v2-1": {
        "arch": "mobilenet_v2",
        "batch_size": 64,
        "num_iterations": 1000,
        "request_rate": 100
    },
    "bert-1": {
        "batch_size": 8,
        "arch": "base",
        "num_iterations": 1000,
        "request_rate": 8
    },
    "transformer-1": {
        "arch": "base",
        "batch_size": 8,
        "num_iterations": 1000,
        "request_rate": 20
    }
}
28/03/2024 11:36:26 INFO    : [train_imagenet.py:106] vision model with arch resnet101
28/03/2024 11:36:26 INFO    : [train_imagenet.py:106] vision model with arch resnet101
28/03/2024 11:36:28 INFO    : [train_imagenet.py:54] model is set up with num iterations 500
28/03/2024 11:36:28 INFO    : [train_imagenet.py:54] model is set up with num iterations 500
28/03/2024 11:37:14 INFO    : [train_imagenet.py:99] tid 1 it takes 44.807199239730835 seconds to train imagenet
28/03/2024 11:37:14 INFO    : [train_imagenet.py:99] tid 0 it takes 44.7351770401001 seconds to train imagenet
28/03/2024 13:26:52 INFO    : [main.py:96] full config:
{
    "policy": "TickTock",
    "models": {
        "model0": {
            "mode": "train",
            "name": "resnet101-1"
        },
        "model1": {
            "mode": "train",
            "name": "resnet101-1"
        }
    },
    "shared_config": {
        "distribution": "poisson",
        "trace_path": "./inter_arrival_times.json",
        "pin_memory": true,
        "seed": 42
    },
    "resnet50": {
        "arch": "resnet50",
        "batch_size": 4,
        "num_iterations": 100,
        "request_rate": 15
    },
    "resnet101": {
        "arch": "resnet101",
        "batch_size": 32,
        "num_iterations": 500,
        "request_rate": 0
    },
    "mobilenet_v2": {
        "arch": "mobilenet_v2",
        "batch_size": 64,
        "num_iterations": 10000,
        "request_rate": 0
    },
    "bert": {
        "batch_size": 8,
        "arch": "base",
        "num_iterations": 500,
        "request_rate": 0
    },
    "transformer": {
        "arch": "base",
        "batch_size": 8,
        "num_iterations": 500,
        "request_rate": 0
    },
    "nasnet-1": {
        "arch": "nasnet",
        "batch_size": 8,
        "num_iterations": 500,
        "request_rate": 0
    },
    "vgg11-1": {
        "arch": "vgg11",
        "batch_size": 8,
        "num_iterations": 500,
        "request_rate": 0
    },
    "resnet50-1": {
        "arch": "resnet50",
        "batch_size": 8,
        "num_iterations": 500,
        "request_rate": 0
    },
    "resnet101-1": {
        "arch": "resnet101",
        "batch_size": 8,
        "num_iterations": 500,
        "request_rate": 0
    },
    "mobilenet_v2-1": {
        "arch": "mobilenet_v2",
        "batch_size": 64,
        "num_iterations": 1000,
        "request_rate": 100
    },
    "bert-1": {
        "batch_size": 8,
        "arch": "base",
        "num_iterations": 500,
        "request_rate": 0
    },
    "transformer-1": {
        "arch": "base",
        "batch_size": 8,
        "num_iterations": 1000,
        "request_rate": 20
    }
}
28/03/2024 13:26:52 INFO    : [train_imagenet.py:107] vision model with arch resnet101
28/03/2024 13:26:52 INFO    : [train_imagenet.py:107] vision model with arch resnet101
28/03/2024 13:26:54 INFO    : [train_imagenet.py:55] model is set up with num iterations 500
28/03/2024 13:26:54 INFO    : [train_imagenet.py:55] model is set up with num iterations 500
28/03/2024 13:27:25 INFO    : [train_imagenet.py:100] tid 1 it takes 29.560150384902954 seconds to train imagenet
28/03/2024 13:27:25 INFO    : [train_imagenet.py:100] tid 0 it takes 29.533605337142944 seconds to train imagenet
28/03/2024 14:17:04 INFO    : [main.py:96] full config:
{
    "policy": "MPS",
    "models": {
        "model0": {
            "mode": "train",
            "name": "resnet101-1"
        },
        "model1": {
            "mode": "train",
            "name": "resnet101-1"
        }
    },
    "shared_config": {
        "distribution": "poisson",
        "trace_path": "./inter_arrival_times.json",
        "pin_memory": true,
        "seed": 42
    },
    "resnet50": {
        "arch": "resnet50",
        "batch_size": 4,
        "num_iterations": 100,
        "request_rate": 15
    },
    "resnet101": {
        "arch": "resnet101",
        "batch_size": 32,
        "num_iterations": 500,
        "request_rate": 0
    },
    "mobilenet_v2": {
        "arch": "mobilenet_v2",
        "batch_size": 64,
        "num_iterations": 10000,
        "request_rate": 0
    },
    "bert": {
        "batch_size": 8,
        "arch": "base",
        "num_iterations": 500,
        "request_rate": 0
    },
    "transformer": {
        "arch": "base",
        "batch_size": 8,
        "num_iterations": 500,
        "request_rate": 0
    },
    "nasnet-1": {
        "arch": "nasnet",
        "batch_size": 8,
        "num_iterations": 500,
        "request_rate": 0
    },
    "vgg11-1": {
        "arch": "vgg11",
        "batch_size": 8,
        "num_iterations": 500,
        "request_rate": 0
    },
    "resnet50-1": {
        "arch": "resnet50",
        "batch_size": 8,
        "num_iterations": 500,
        "request_rate": 0
    },
    "resnet101-1": {
        "arch": "resnet101",
        "batch_size": 8,
        "num_iterations": 500,
        "request_rate": 0
    },
    "mobilenet_v2-1": {
        "arch": "mobilenet_v2",
        "batch_size": 64,
        "num_iterations": 1000,
        "request_rate": 100
    },
    "bert-1": {
        "batch_size": 8,
        "arch": "base",
        "num_iterations": 500,
        "request_rate": 0
    },
    "transformer-1": {
        "arch": "base",
        "batch_size": 8,
        "num_iterations": 1000,
        "request_rate": 20
    }
}
28/03/2024 14:23:08 INFO    : [main.py:96] full config:
{
    "policy": "MPS",
    "models": {
        "model0": {
            "mode": "train",
            "name": "resnet101-1"
        },
        "model1": {
            "mode": "train",
            "name": "resnet101-1"
        }
    },
    "shared_config": {
        "distribution": "poisson",
        "trace_path": "./inter_arrival_times.json",
        "pin_memory": true,
        "seed": 42
    },
    "resnet50": {
        "arch": "resnet50",
        "batch_size": 4,
        "num_iterations": 100,
        "request_rate": 15
    },
    "resnet101": {
        "arch": "resnet101",
        "batch_size": 32,
        "num_iterations": 500,
        "request_rate": 0
    },
    "mobilenet_v2": {
        "arch": "mobilenet_v2",
        "batch_size": 64,
        "num_iterations": 10000,
        "request_rate": 0
    },
    "bert": {
        "batch_size": 8,
        "arch": "base",
        "num_iterations": 500,
        "request_rate": 0
    },
    "transformer": {
        "arch": "base",
        "batch_size": 8,
        "num_iterations": 500,
        "request_rate": 0
    },
    "nasnet-1": {
        "arch": "nasnet",
        "batch_size": 8,
        "num_iterations": 500,
        "request_rate": 0
    },
    "vgg11-1": {
        "arch": "vgg11",
        "batch_size": 8,
        "num_iterations": 500,
        "request_rate": 0
    },
    "resnet50-1": {
        "arch": "resnet50",
        "batch_size": 8,
        "num_iterations": 500,
        "request_rate": 0
    },
    "resnet101-1": {
        "arch": "resnet101",
        "batch_size": 8,
        "num_iterations": 500,
        "request_rate": 0
    },
    "mobilenet_v2-1": {
        "arch": "mobilenet_v2",
        "batch_size": 64,
        "num_iterations": 1000,
        "request_rate": 100
    },
    "bert-1": {
        "batch_size": 8,
        "arch": "base",
        "num_iterations": 500,
        "request_rate": 0
    },
    "transformer-1": {
        "arch": "base",
        "batch_size": 8,
        "num_iterations": 1000,
        "request_rate": 20
    }
}
28/03/2024 14:26:45 INFO    : [main.py:96] full config:
{
    "policy": "MPS",
    "models": {
        "model0": {
            "mode": "train",
            "name": "resnet101-1"
        },
        "model1": {
            "mode": "train",
            "name": "resnet101-1"
        }
    },
    "shared_config": {
        "distribution": "poisson",
        "trace_path": "./inter_arrival_times.json",
        "pin_memory": true,
        "seed": 42
    },
    "resnet50": {
        "arch": "resnet50",
        "batch_size": 4,
        "num_iterations": 100,
        "request_rate": 15
    },
    "resnet101": {
        "arch": "resnet101",
        "batch_size": 32,
        "num_iterations": 500,
        "request_rate": 0
    },
    "mobilenet_v2": {
        "arch": "mobilenet_v2",
        "batch_size": 64,
        "num_iterations": 10000,
        "request_rate": 0
    },
    "bert": {
        "batch_size": 8,
        "arch": "base",
        "num_iterations": 500,
        "request_rate": 0
    },
    "transformer": {
        "arch": "base",
        "batch_size": 8,
        "num_iterations": 500,
        "request_rate": 0
    },
    "nasnet-1": {
        "arch": "nasnet",
        "batch_size": 8,
        "num_iterations": 500,
        "request_rate": 0
    },
    "vgg11-1": {
        "arch": "vgg11",
        "batch_size": 8,
        "num_iterations": 500,
        "request_rate": 0
    },
    "resnet50-1": {
        "arch": "resnet50",
        "batch_size": 8,
        "num_iterations": 500,
        "request_rate": 0
    },
    "resnet101-1": {
        "arch": "resnet101",
        "batch_size": 8,
        "num_iterations": 500,
        "request_rate": 0
    },
    "mobilenet_v2-1": {
        "arch": "mobilenet_v2",
        "batch_size": 64,
        "num_iterations": 1000,
        "request_rate": 100
    },
    "bert-1": {
        "batch_size": 8,
        "arch": "base",
        "num_iterations": 500,
        "request_rate": 0
    },
    "transformer-1": {
        "arch": "base",
        "batch_size": 8,
        "num_iterations": 1000,
        "request_rate": 20
    }
}
28/03/2024 14:32:20 INFO    : [main.py:96] full config:
{
    "policy": "MPS",
    "models": {
        "model0": {
            "mode": "train",
            "name": "resnet101-1"
        },
        "model1": {
            "mode": "train",
            "name": "resnet101-1"
        }
    },
    "shared_config": {
        "distribution": "poisson",
        "trace_path": "./inter_arrival_times.json",
        "pin_memory": true,
        "seed": 42
    },
    "resnet50": {
        "arch": "resnet50",
        "batch_size": 4,
        "num_iterations": 100,
        "request_rate": 15
    },
    "resnet101": {
        "arch": "resnet101",
        "batch_size": 32,
        "num_iterations": 500,
        "request_rate": 0
    },
    "mobilenet_v2": {
        "arch": "mobilenet_v2",
        "batch_size": 64,
        "num_iterations": 10000,
        "request_rate": 0
    },
    "bert": {
        "batch_size": 8,
        "arch": "base",
        "num_iterations": 500,
        "request_rate": 0
    },
    "transformer": {
        "arch": "base",
        "batch_size": 8,
        "num_iterations": 500,
        "request_rate": 0
    },
    "nasnet-1": {
        "arch": "nasnet",
        "batch_size": 8,
        "num_iterations": 1000,
        "request_rate": 0
    },
    "vgg11-1": {
        "arch": "vgg11",
        "batch_size": 8,
        "num_iterations": 1000,
        "request_rate": 0
    },
    "resnet50-1": {
        "arch": "resnet50",
        "batch_size": 8,
        "num_iterations": 1000,
        "request_rate": 0
    },
    "resnet101-1": {
        "arch": "resnet101",
        "batch_size": 8,
        "num_iterations": 1000,
        "request_rate": 0
    },
    "mobilenet_v2-1": {
        "arch": "mobilenet_v2",
        "batch_size": 64,
        "num_iterations": 1000,
        "request_rate": 100
    },
    "bert-1": {
        "batch_size": 8,
        "arch": "base",
        "num_iterations": 1000,
        "request_rate": 0
    },
    "transformer-1": {
        "arch": "base",
        "batch_size": 8,
        "num_iterations": 1000,
        "request_rate": 20
    }
}
28/03/2024 14:33:24 INFO    : [main.py:96] full config:
{
    "policy": "MPS",
    "models": {
        "model0": {
            "mode": "train",
            "name": "resnet101-1"
        },
        "model1": {
            "mode": "train",
            "name": "resnet101-1"
        }
    },
    "shared_config": {
        "distribution": "poisson",
        "trace_path": "./inter_arrival_times.json",
        "pin_memory": true,
        "seed": 42
    },
    "resnet50": {
        "arch": "resnet50",
        "batch_size": 4,
        "num_iterations": 100,
        "request_rate": 15
    },
    "resnet101": {
        "arch": "resnet101",
        "batch_size": 32,
        "num_iterations": 500,
        "request_rate": 0
    },
    "mobilenet_v2": {
        "arch": "mobilenet_v2",
        "batch_size": 64,
        "num_iterations": 10000,
        "request_rate": 0
    },
    "bert": {
        "batch_size": 8,
        "arch": "base",
        "num_iterations": 500,
        "request_rate": 0
    },
    "transformer": {
        "arch": "base",
        "batch_size": 8,
        "num_iterations": 500,
        "request_rate": 0
    },
    "nasnet-1": {
        "arch": "nasnet",
        "batch_size": 8,
        "num_iterations": 1000,
        "request_rate": 0
    },
    "vgg11-1": {
        "arch": "vgg11",
        "batch_size": 8,
        "num_iterations": 1000,
        "request_rate": 0
    },
    "resnet50-1": {
        "arch": "resnet50",
        "batch_size": 8,
        "num_iterations": 1000,
        "request_rate": 0
    },
    "resnet101-1": {
        "arch": "resnet101",
        "batch_size": 8,
        "num_iterations": 1000,
        "request_rate": 0
    },
    "mobilenet_v2-1": {
        "arch": "mobilenet_v2",
        "batch_size": 64,
        "num_iterations": 1000,
        "request_rate": 100
    },
    "bert-1": {
        "batch_size": 8,
        "arch": "base",
        "num_iterations": 1000,
        "request_rate": 0
    },
    "transformer-1": {
        "arch": "base",
        "batch_size": 8,
        "num_iterations": 1000,
        "request_rate": 20
    }
}
28/03/2024 14:35:10 INFO    : [main.py:96] full config:
{
    "policy": "MPS",
    "models": {
        "model0": {
            "mode": "train",
            "name": "resnet101-1"
        },
        "model1": {
            "mode": "train",
            "name": "resnet101-1"
        }
    },
    "shared_config": {
        "distribution": "poisson",
        "trace_path": "./inter_arrival_times.json",
        "pin_memory": true,
        "seed": 42
    },
    "resnet50": {
        "arch": "resnet50",
        "batch_size": 4,
        "num_iterations": 100,
        "request_rate": 15
    },
    "resnet101": {
        "arch": "resnet101",
        "batch_size": 32,
        "num_iterations": 500,
        "request_rate": 0
    },
    "mobilenet_v2": {
        "arch": "mobilenet_v2",
        "batch_size": 64,
        "num_iterations": 10000,
        "request_rate": 0
    },
    "bert": {
        "batch_size": 8,
        "arch": "base",
        "num_iterations": 500,
        "request_rate": 0
    },
    "transformer": {
        "arch": "base",
        "batch_size": 8,
        "num_iterations": 500,
        "request_rate": 0
    },
    "nasnet-1": {
        "arch": "nasnet",
        "batch_size": 8,
        "num_iterations": 1000,
        "request_rate": 0
    },
    "vgg11-1": {
        "arch": "vgg11",
        "batch_size": 8,
        "num_iterations": 1000,
        "request_rate": 0
    },
    "resnet50-1": {
        "arch": "resnet50",
        "batch_size": 8,
        "num_iterations": 1000,
        "request_rate": 0
    },
    "resnet101-1": {
        "arch": "resnet101",
        "batch_size": 8,
        "num_iterations": 1000,
        "request_rate": 0
    },
    "mobilenet_v2-1": {
        "arch": "mobilenet_v2",
        "batch_size": 64,
        "num_iterations": 1000,
        "request_rate": 100
    },
    "bert-1": {
        "batch_size": 8,
        "arch": "base",
        "num_iterations": 1000,
        "request_rate": 0
    },
    "transformer-1": {
        "arch": "base",
        "batch_size": 8,
        "num_iterations": 1000,
        "request_rate": 20
    }
}
28/03/2024 14:36:52 INFO    : [main.py:96] full config:
{
    "policy": "MPS",
    "models": {
        "model0": {
            "mode": "train",
            "name": "resnet101-1"
        },
        "model1": {
            "mode": "train",
            "name": "resnet101-1"
        }
    },
    "shared_config": {
        "distribution": "poisson",
        "trace_path": "./inter_arrival_times.json",
        "pin_memory": true,
        "seed": 42
    },
    "resnet50": {
        "arch": "resnet50",
        "batch_size": 4,
        "num_iterations": 100,
        "request_rate": 15
    },
    "resnet101": {
        "arch": "resnet101",
        "batch_size": 32,
        "num_iterations": 500,
        "request_rate": 0
    },
    "mobilenet_v2": {
        "arch": "mobilenet_v2",
        "batch_size": 64,
        "num_iterations": 10000,
        "request_rate": 0
    },
    "bert": {
        "batch_size": 8,
        "arch": "base",
        "num_iterations": 500,
        "request_rate": 0
    },
    "transformer": {
        "arch": "base",
        "batch_size": 8,
        "num_iterations": 500,
        "request_rate": 0
    },
    "nasnet-1": {
        "arch": "nasnet",
        "batch_size": 8,
        "num_iterations": 1000,
        "request_rate": 0
    },
    "vgg11-1": {
        "arch": "vgg11",
        "batch_size": 8,
        "num_iterations": 1000,
        "request_rate": 0
    },
    "resnet50-1": {
        "arch": "resnet50",
        "batch_size": 8,
        "num_iterations": 1000,
        "request_rate": 0
    },
    "resnet101-1": {
        "arch": "resnet101",
        "batch_size": 8,
        "num_iterations": 1000,
        "request_rate": 0
    },
    "mobilenet_v2-1": {
        "arch": "mobilenet_v2",
        "batch_size": 64,
        "num_iterations": 1000,
        "request_rate": 100
    },
    "bert-1": {
        "batch_size": 8,
        "arch": "base",
        "num_iterations": 1000,
        "request_rate": 0
    },
    "transformer-1": {
        "arch": "base",
        "batch_size": 8,
        "num_iterations": 1000,
        "request_rate": 20
    }
}
28/03/2024 14:38:41 INFO    : [main.py:96] full config:
{
    "policy": "MPS",
    "models": {
        "model0": {
            "mode": "train",
            "name": "resnet101-1"
        },
        "model1": {
            "mode": "train",
            "name": "resnet101-1"
        }
    },
    "shared_config": {
        "distribution": "poisson",
        "trace_path": "./inter_arrival_times.json",
        "pin_memory": true,
        "seed": 42
    },
    "resnet50": {
        "arch": "resnet50",
        "batch_size": 4,
        "num_iterations": 100,
        "request_rate": 15
    },
    "resnet101": {
        "arch": "resnet101",
        "batch_size": 32,
        "num_iterations": 500,
        "request_rate": 0
    },
    "mobilenet_v2": {
        "arch": "mobilenet_v2",
        "batch_size": 64,
        "num_iterations": 10000,
        "request_rate": 0
    },
    "bert": {
        "batch_size": 8,
        "arch": "base",
        "num_iterations": 500,
        "request_rate": 0
    },
    "transformer": {
        "arch": "base",
        "batch_size": 8,
        "num_iterations": 500,
        "request_rate": 0
    },
    "nasnet-1": {
        "arch": "nasnet",
        "batch_size": 8,
        "num_iterations": 1000,
        "request_rate": 0
    },
    "vgg11-1": {
        "arch": "vgg11",
        "batch_size": 8,
        "num_iterations": 1000,
        "request_rate": 0
    },
    "resnet50-1": {
        "arch": "resnet50",
        "batch_size": 8,
        "num_iterations": 1000,
        "request_rate": 0
    },
    "resnet101-1": {
        "arch": "resnet101",
        "batch_size": 8,
        "num_iterations": 1000,
        "request_rate": 0
    },
    "mobilenet_v2-1": {
        "arch": "mobilenet_v2",
        "batch_size": 64,
        "num_iterations": 1000,
        "request_rate": 100
    },
    "bert-1": {
        "batch_size": 8,
        "arch": "base",
        "num_iterations": 1000,
        "request_rate": 0
    },
    "transformer-1": {
        "arch": "base",
        "batch_size": 8,
        "num_iterations": 1000,
        "request_rate": 20
    }
}
28/03/2024 14:41:39 INFO    : [main.py:96] full config:
{
    "policy": "TickTock",
    "models": {
        "model0": {
            "mode": "train",
            "name": "resnet101-1"
        },
        "model1": {
            "mode": "train",
            "name": "resnet101-1"
        }
    },
    "shared_config": {
        "distribution": "poisson",
        "trace_path": "./inter_arrival_times.json",
        "pin_memory": true,
        "seed": 42
    },
    "resnet50": {
        "arch": "resnet50",
        "batch_size": 4,
        "num_iterations": 100,
        "request_rate": 15
    },
    "resnet101": {
        "arch": "resnet101",
        "batch_size": 32,
        "num_iterations": 500,
        "request_rate": 0
    },
    "mobilenet_v2": {
        "arch": "mobilenet_v2",
        "batch_size": 64,
        "num_iterations": 10000,
        "request_rate": 0
    },
    "bert": {
        "batch_size": 8,
        "arch": "base",
        "num_iterations": 500,
        "request_rate": 0
    },
    "transformer": {
        "arch": "base",
        "batch_size": 8,
        "num_iterations": 500,
        "request_rate": 0
    },
    "nasnet-1": {
        "arch": "nasnet",
        "batch_size": 8,
        "num_iterations": 1000,
        "request_rate": 0
    },
    "vgg11-1": {
        "arch": "vgg11",
        "batch_size": 8,
        "num_iterations": 1000,
        "request_rate": 0
    },
    "resnet50-1": {
        "arch": "resnet50",
        "batch_size": 8,
        "num_iterations": 1000,
        "request_rate": 0
    },
    "resnet101-1": {
        "arch": "resnet101",
        "batch_size": 8,
        "num_iterations": 1000,
        "request_rate": 0
    },
    "mobilenet_v2-1": {
        "arch": "mobilenet_v2",
        "batch_size": 64,
        "num_iterations": 1000,
        "request_rate": 100
    },
    "bert-1": {
        "batch_size": 8,
        "arch": "base",
        "num_iterations": 1000,
        "request_rate": 0
    },
    "transformer-1": {
        "arch": "base",
        "batch_size": 8,
        "num_iterations": 1000,
        "request_rate": 20
    }
}
28/03/2024 14:41:39 INFO    : [train_imagenet.py:107] vision model with arch resnet101
28/03/2024 14:41:39 INFO    : [train_imagenet.py:107] vision model with arch resnet101
28/03/2024 14:41:41 INFO    : [train_imagenet.py:55] model is set up with num iterations 1000
28/03/2024 14:41:41 INFO    : [train_imagenet.py:55] model is set up with num iterations 1000
28/03/2024 14:42:39 INFO    : [train_imagenet.py:100] tid 1 it takes 51.31512093544006 seconds to train imagenet
28/03/2024 14:42:39 INFO    : [train_imagenet.py:100] tid 0 it takes 51.28782272338867 seconds to train imagenet
29/03/2024 03:11:06 INFO    : [main.py:96] full config:
{
    "policy": "Streams",
    "models": {
        "model0": {
            "mode": "train",
            "name": "resnet101-1"
        },
        "model1": {
            "mode": "train",
            "name": "resnet101-1"
        }
    },
    "shared_config": {
        "distribution": "poisson",
        "trace_path": "./inter_arrival_times.json",
        "pin_memory": true,
        "seed": 42
    },
    "resnet50": {
        "arch": "resnet50",
        "batch_size": 4,
        "num_iterations": 100,
        "request_rate": 15
    },
    "resnet101": {
        "arch": "resnet101",
        "batch_size": 32,
        "num_iterations": 500,
        "request_rate": 0
    },
    "mobilenet_v2": {
        "arch": "mobilenet_v2",
        "batch_size": 64,
        "num_iterations": 10000,
        "request_rate": 0
    },
    "bert": {
        "batch_size": 8,
        "arch": "base",
        "num_iterations": 500,
        "request_rate": 0
    },
    "transformer": {
        "arch": "base",
        "batch_size": 8,
        "num_iterations": 500,
        "request_rate": 0
    },
    "nasnet-1": {
        "arch": "nasnet",
        "batch_size": 8,
        "num_iterations": 1000,
        "request_rate": 0
    },
    "vgg11-1": {
        "arch": "vgg11",
        "batch_size": 8,
        "num_iterations": 1000,
        "request_rate": 0
    },
    "resnet50-1": {
        "arch": "resnet50",
        "batch_size": 8,
        "num_iterations": 1000,
        "request_rate": 0
    },
    "resnet101-1": {
        "arch": "resnet101",
        "batch_size": 8,
        "num_iterations": 1000,
        "request_rate": 0
    },
    "mobilenet_v2-1": {
        "arch": "mobilenet_v2",
        "batch_size": 64,
        "num_iterations": 1000,
        "request_rate": 100
    },
    "bert-1": {
        "batch_size": 8,
        "arch": "base",
        "num_iterations": 1000,
        "request_rate": 0
    },
    "transformer-1": {
        "arch": "base",
        "batch_size": 8,
        "num_iterations": 1000,
        "request_rate": 20
    }
}
29/03/2024 03:11:06 INFO    : [train_imagenet.py:107] vision model with arch resnet101
29/03/2024 03:11:06 INFO    : [train_imagenet.py:107] vision model with arch resnet101
29/03/2024 03:11:08 INFO    : [train_imagenet.py:55] model is set up with num iterations 1000
29/03/2024 03:11:08 INFO    : [train_imagenet.py:55] model is set up with num iterations 1000
29/03/2024 03:12:34 INFO    : [main.py:96] full config:
{
    "policy": "Streams",
    "models": {
        "model0": {
            "mode": "train",
            "name": "resnet101-1"
        },
        "model1": {
            "mode": "train",
            "name": "resnet101-1"
        }
    },
    "shared_config": {
        "distribution": "poisson",
        "trace_path": "./inter_arrival_times.json",
        "pin_memory": true,
        "seed": 42
    },
    "resnet50": {
        "arch": "resnet50",
        "batch_size": 4,
        "num_iterations": 100,
        "request_rate": 15
    },
    "resnet101": {
        "arch": "resnet101",
        "batch_size": 32,
        "num_iterations": 500,
        "request_rate": 0
    },
    "mobilenet_v2": {
        "arch": "mobilenet_v2",
        "batch_size": 64,
        "num_iterations": 10000,
        "request_rate": 0
    },
    "bert": {
        "batch_size": 8,
        "arch": "base",
        "num_iterations": 500,
        "request_rate": 0
    },
    "transformer": {
        "arch": "base",
        "batch_size": 8,
        "num_iterations": 500,
        "request_rate": 0
    },
    "nasnet-1": {
        "arch": "nasnet",
        "batch_size": 8,
        "num_iterations": 1000,
        "request_rate": 0
    },
    "vgg11-1": {
        "arch": "vgg11",
        "batch_size": 8,
        "num_iterations": 1000,
        "request_rate": 0
    },
    "resnet50-1": {
        "arch": "resnet50",
        "batch_size": 8,
        "num_iterations": 1000,
        "request_rate": 0
    },
    "resnet101-1": {
        "arch": "resnet101",
        "batch_size": 8,
        "num_iterations": 1000,
        "request_rate": 0
    },
    "mobilenet_v2-1": {
        "arch": "mobilenet_v2",
        "batch_size": 64,
        "num_iterations": 1000,
        "request_rate": 100
    },
    "bert-1": {
        "batch_size": 8,
        "arch": "base",
        "num_iterations": 1000,
        "request_rate": 0
    },
    "transformer-1": {
        "arch": "base",
        "batch_size": 8,
        "num_iterations": 1000,
        "request_rate": 20
    }
}
29/03/2024 03:12:34 INFO    : [train_imagenet.py:107] vision model with arch resnet101
29/03/2024 03:12:34 INFO    : [train_imagenet.py:107] vision model with arch resnet101
29/03/2024 03:12:36 INFO    : [train_imagenet.py:55] model is set up with num iterations 1000
29/03/2024 03:12:36 INFO    : [train_imagenet.py:55] model is set up with num iterations 1000
29/03/2024 03:13:39 INFO    : [train_imagenet.py:100] tid 1 it takes 55.84200191497803 seconds to train imagenet
29/03/2024 03:13:39 INFO    : [train_imagenet.py:100] tid 0 it takes 55.83583688735962 seconds to train imagenet
29/03/2024 03:17:31 INFO    : [main.py:96] full config:
{
    "policy": "Sequential",
    "models": {
        "model0": {
            "mode": "train",
            "name": "resnet101-1"
        },
        "model1": {
            "mode": "train",
            "name": "resnet101-1"
        }
    },
    "shared_config": {
        "distribution": "poisson",
        "trace_path": "./inter_arrival_times.json",
        "pin_memory": true,
        "seed": 42
    },
    "resnet50": {
        "arch": "resnet50",
        "batch_size": 4,
        "num_iterations": 100,
        "request_rate": 15
    },
    "resnet101": {
        "arch": "resnet101",
        "batch_size": 32,
        "num_iterations": 500,
        "request_rate": 0
    },
    "mobilenet_v2": {
        "arch": "mobilenet_v2",
        "batch_size": 64,
        "num_iterations": 10000,
        "request_rate": 0
    },
    "bert": {
        "batch_size": 8,
        "arch": "base",
        "num_iterations": 500,
        "request_rate": 0
    },
    "transformer": {
        "arch": "base",
        "batch_size": 8,
        "num_iterations": 500,
        "request_rate": 0
    },
    "nasnet-1": {
        "arch": "nasnet",
        "batch_size": 8,
        "num_iterations": 1000,
        "request_rate": 0
    },
    "vgg11-1": {
        "arch": "vgg11",
        "batch_size": 8,
        "num_iterations": 1000,
        "request_rate": 0
    },
    "resnet50-1": {
        "arch": "resnet50",
        "batch_size": 8,
        "num_iterations": 1000,
        "request_rate": 0
    },
    "resnet101-1": {
        "arch": "resnet101",
        "batch_size": 8,
        "num_iterations": 1000,
        "request_rate": 0
    },
    "mobilenet_v2-1": {
        "arch": "mobilenet_v2",
        "batch_size": 64,
        "num_iterations": 1000,
        "request_rate": 100
    },
    "bert-1": {
        "batch_size": 8,
        "arch": "base",
        "num_iterations": 1000,
        "request_rate": 0
    },
    "transformer-1": {
        "arch": "base",
        "batch_size": 8,
        "num_iterations": 1000,
        "request_rate": 20
    }
}
29/03/2024 03:17:31 INFO    : [train_imagenet.py:107] vision model with arch resnet101
29/03/2024 03:17:31 INFO    : [train_imagenet.py:107] vision model with arch resnet101
29/03/2024 03:17:33 INFO    : [train_imagenet.py:55] model is set up with num iterations 1000
29/03/2024 03:17:33 INFO    : [train_imagenet.py:55] model is set up with num iterations 1000
29/03/2024 03:18:40 INFO    : [train_imagenet.py:100] tid 1 it takes 59.31996560096741 seconds to train imagenet
29/03/2024 03:18:40 INFO    : [train_imagenet.py:100] tid 0 it takes 59.27246975898743 seconds to train imagenet
