28/03/2024 12:05:54 INFO    : [main.py:97] full config:
{
    "policy": "Streams",
    "models": {
        "model0": {
            "mode": "train",
            "name": "nasnet-1"
        },
        "model1": {
            "mode": "train",
            "name": "nasnet-1"
        }
    },
    "shared_config": {
        "distribution": "poisson",
        "trace_path": "./inter_arrival_times.json",
        "pin_memory": true,
        "seed": 42
    },
    "resnet50": {
        "arch": "resnet50",
        "batch_size": 4,
        "num_iterations": 100,
        "request_rate": 15
    },
    "resnet101": {
        "arch": "resnet101",
        "batch_size": 32,
        "num_iterations": 500,
        "request_rate": 0
    },
    "mobilenet_v2": {
        "arch": "mobilenet_v2",
        "batch_size": 64,
        "num_iterations": 10000,
        "request_rate": 0
    },
    "bert": {
        "batch_size": 8,
        "arch": "base",
        "num_iterations": 500,
        "request_rate": 0
    },
    "transformer": {
        "arch": "base",
        "batch_size": 8,
        "num_iterations": 500,
        "request_rate": 0
    },
    "nasnet-1": {
        "arch": "nasnet",
        "batch_size": 32,
        "num_iterations": 500,
        "request_rate": 0
    },
    "vgg11-1": {
        "arch": "vgg11",
        "batch_size": 32,
        "num_iterations": 500,
        "request_rate": 0
    },
    "resnet50-1": {
        "arch": "resnet50",
        "batch_size": 32,
        "num_iterations": 500,
        "request_rate": 0
    },
    "resnet101-1": {
        "arch": "resnet101",
        "batch_size": 32,
        "num_iterations": 500,
        "request_rate": 0
    },
    "mobilenet_v2-1": {
        "arch": "mobilenet_v2",
        "batch_size": 64,
        "num_iterations": 1000,
        "request_rate": 100
    },
    "bert-1": {
        "batch_size": 8,
        "arch": "base",
        "num_iterations": 1000,
        "request_rate": 8
    },
    "transformer-1": {
        "arch": "base",
        "batch_size": 8,
        "num_iterations": 1000,
        "request_rate": 20
    }
}
28/03/2024 12:07:33 INFO    : [main.py:97] full config:
{
    "policy": "Streams",
    "models": {
        "model0": {
            "mode": "train",
            "name": "nasnet-1"
        },
        "model1": {
            "mode": "train",
            "name": "nasnet-1"
        }
    },
    "shared_config": {
        "distribution": "poisson",
        "trace_path": "./inter_arrival_times.json",
        "pin_memory": true,
        "seed": 42
    },
    "resnet50": {
        "arch": "resnet50",
        "batch_size": 4,
        "num_iterations": 100,
        "request_rate": 15
    },
    "resnet101": {
        "arch": "resnet101",
        "batch_size": 32,
        "num_iterations": 500,
        "request_rate": 0
    },
    "mobilenet_v2": {
        "arch": "mobilenet_v2",
        "batch_size": 64,
        "num_iterations": 10000,
        "request_rate": 0
    },
    "bert": {
        "batch_size": 8,
        "arch": "base",
        "num_iterations": 500,
        "request_rate": 0
    },
    "transformer": {
        "arch": "base",
        "batch_size": 8,
        "num_iterations": 500,
        "request_rate": 0
    },
    "nasnet-1": {
        "arch": "nasnet",
        "batch_size": 32,
        "num_iterations": 500,
        "request_rate": 0
    },
    "vgg11-1": {
        "arch": "vgg11",
        "batch_size": 32,
        "num_iterations": 500,
        "request_rate": 0
    },
    "resnet50-1": {
        "arch": "resnet50",
        "batch_size": 32,
        "num_iterations": 500,
        "request_rate": 0
    },
    "resnet101-1": {
        "arch": "resnet101",
        "batch_size": 32,
        "num_iterations": 500,
        "request_rate": 0
    },
    "mobilenet_v2-1": {
        "arch": "mobilenet_v2",
        "batch_size": 64,
        "num_iterations": 1000,
        "request_rate": 100
    },
    "bert-1": {
        "batch_size": 8,
        "arch": "base",
        "num_iterations": 1000,
        "request_rate": 8
    },
    "transformer-1": {
        "arch": "base",
        "batch_size": 8,
        "num_iterations": 1000,
        "request_rate": 20
    }
}
28/03/2024 12:11:36 INFO    : [main.py:96] full config:
{
    "policy": "Streams",
    "models": {
        "model0": {
            "mode": "train",
            "name": "nasnet-1"
        },
        "model1": {
            "mode": "train",
            "name": "nasnet-1"
        }
    },
    "shared_config": {
        "distribution": "poisson",
        "trace_path": "./inter_arrival_times.json",
        "pin_memory": true,
        "seed": 42
    },
    "resnet50": {
        "arch": "resnet50",
        "batch_size": 4,
        "num_iterations": 100,
        "request_rate": 15
    },
    "resnet101": {
        "arch": "resnet101",
        "batch_size": 32,
        "num_iterations": 500,
        "request_rate": 0
    },
    "mobilenet_v2": {
        "arch": "mobilenet_v2",
        "batch_size": 64,
        "num_iterations": 10000,
        "request_rate": 0
    },
    "bert": {
        "batch_size": 8,
        "arch": "base",
        "num_iterations": 500,
        "request_rate": 0
    },
    "transformer": {
        "arch": "base",
        "batch_size": 8,
        "num_iterations": 500,
        "request_rate": 0
    },
    "nasnet-1": {
        "arch": "nasnet",
        "batch_size": 32,
        "num_iterations": 500,
        "request_rate": 0
    },
    "vgg11-1": {
        "arch": "vgg11",
        "batch_size": 32,
        "num_iterations": 500,
        "request_rate": 0
    },
    "resnet50-1": {
        "arch": "resnet50",
        "batch_size": 32,
        "num_iterations": 500,
        "request_rate": 0
    },
    "resnet101-1": {
        "arch": "resnet101",
        "batch_size": 32,
        "num_iterations": 500,
        "request_rate": 0
    },
    "mobilenet_v2-1": {
        "arch": "mobilenet_v2",
        "batch_size": 64,
        "num_iterations": 1000,
        "request_rate": 100
    },
    "bert-1": {
        "batch_size": 8,
        "arch": "base",
        "num_iterations": 1000,
        "request_rate": 8
    },
    "transformer-1": {
        "arch": "base",
        "batch_size": 8,
        "num_iterations": 1000,
        "request_rate": 20
    }
}
28/03/2024 12:11:36 INFO    : [train_imagenet.py:106] vision model with arch nasnet
28/03/2024 12:11:36 INFO    : [train_imagenet.py:106] vision model with arch nasnet
28/03/2024 12:11:39 INFO    : [train_imagenet.py:54] model is set up with num iterations 500
28/03/2024 12:11:39 INFO    : [train_imagenet.py:54] model is set up with num iterations 500
28/03/2024 12:25:46 INFO    : [main.py:96] full config:
{
    "policy": "Streams",
    "models": {
        "model0": {
            "mode": "train",
            "name": "nasnet-1"
        },
        "model1": {
            "mode": "train",
            "name": "nasnet-1"
        }
    },
    "shared_config": {
        "distribution": "poisson",
        "trace_path": "./inter_arrival_times.json",
        "pin_memory": true,
        "seed": 42
    },
    "resnet50": {
        "arch": "resnet50",
        "batch_size": 4,
        "num_iterations": 100,
        "request_rate": 15
    },
    "resnet101": {
        "arch": "resnet101",
        "batch_size": 32,
        "num_iterations": 500,
        "request_rate": 0
    },
    "mobilenet_v2": {
        "arch": "mobilenet_v2",
        "batch_size": 64,
        "num_iterations": 10000,
        "request_rate": 0
    },
    "bert": {
        "batch_size": 8,
        "arch": "base",
        "num_iterations": 500,
        "request_rate": 0
    },
    "transformer": {
        "arch": "base",
        "batch_size": 8,
        "num_iterations": 500,
        "request_rate": 0
    },
    "nasnet-1": {
        "arch": "nasnet",
        "batch_size": 32,
        "num_iterations": 500,
        "request_rate": 0
    },
    "vgg11-1": {
        "arch": "vgg11",
        "batch_size": 32,
        "num_iterations": 500,
        "request_rate": 0
    },
    "resnet50-1": {
        "arch": "resnet50",
        "batch_size": 32,
        "num_iterations": 500,
        "request_rate": 0
    },
    "resnet101-1": {
        "arch": "resnet101",
        "batch_size": 32,
        "num_iterations": 500,
        "request_rate": 0
    },
    "mobilenet_v2-1": {
        "arch": "mobilenet_v2",
        "batch_size": 64,
        "num_iterations": 1000,
        "request_rate": 100
    },
    "bert-1": {
        "batch_size": 8,
        "arch": "base",
        "num_iterations": 1000,
        "request_rate": 8
    },
    "transformer-1": {
        "arch": "base",
        "batch_size": 8,
        "num_iterations": 1000,
        "request_rate": 20
    }
}
28/03/2024 12:25:46 INFO    : [train_imagenet.py:106] vision model with arch nasnet
28/03/2024 12:25:46 INFO    : [train_imagenet.py:106] vision model with arch nasnet
28/03/2024 12:25:49 INFO    : [train_imagenet.py:54] model is set up with num iterations 500
28/03/2024 12:25:49 INFO    : [train_imagenet.py:54] model is set up with num iterations 500
28/03/2024 12:28:43 INFO    : [main.py:96] full config:
{
    "policy": "Streams",
    "models": {
        "model0": {
            "mode": "train",
            "name": "nasnet-1"
        },
        "model1": {
            "mode": "train",
            "name": "nasnet-1"
        }
    },
    "shared_config": {
        "distribution": "poisson",
        "trace_path": "./inter_arrival_times.json",
        "pin_memory": true,
        "seed": 42
    },
    "resnet50": {
        "arch": "resnet50",
        "batch_size": 4,
        "num_iterations": 100,
        "request_rate": 15
    },
    "resnet101": {
        "arch": "resnet101",
        "batch_size": 32,
        "num_iterations": 500,
        "request_rate": 0
    },
    "mobilenet_v2": {
        "arch": "mobilenet_v2",
        "batch_size": 64,
        "num_iterations": 10000,
        "request_rate": 0
    },
    "bert": {
        "batch_size": 8,
        "arch": "base",
        "num_iterations": 500,
        "request_rate": 0
    },
    "transformer": {
        "arch": "base",
        "batch_size": 8,
        "num_iterations": 500,
        "request_rate": 0
    },
    "nasnet-1": {
        "arch": "nasnet",
        "batch_size": 32,
        "num_iterations": 500,
        "request_rate": 0
    },
    "vgg11-1": {
        "arch": "vgg11",
        "batch_size": 32,
        "num_iterations": 500,
        "request_rate": 0
    },
    "resnet50-1": {
        "arch": "resnet50",
        "batch_size": 32,
        "num_iterations": 500,
        "request_rate": 0
    },
    "resnet101-1": {
        "arch": "resnet101",
        "batch_size": 32,
        "num_iterations": 500,
        "request_rate": 0
    },
    "mobilenet_v2-1": {
        "arch": "mobilenet_v2",
        "batch_size": 64,
        "num_iterations": 1000,
        "request_rate": 100
    },
    "bert-1": {
        "batch_size": 8,
        "arch": "base",
        "num_iterations": 1000,
        "request_rate": 8
    },
    "transformer-1": {
        "arch": "base",
        "batch_size": 8,
        "num_iterations": 1000,
        "request_rate": 20
    }
}
28/03/2024 12:28:44 INFO    : [train_imagenet.py:106] vision model with arch nasnet
28/03/2024 12:28:44 INFO    : [train_imagenet.py:106] vision model with arch nasnet
28/03/2024 12:28:46 INFO    : [train_imagenet.py:54] model is set up with num iterations 500
28/03/2024 12:28:46 INFO    : [train_imagenet.py:54] model is set up with num iterations 500
28/03/2024 12:29:57 INFO    : [main.py:96] full config:
{
    "policy": "Streams",
    "models": {
        "model0": {
            "mode": "train",
            "name": "nasnet-1"
        },
        "model1": {
            "mode": "train",
            "name": "nasnet-1"
        }
    },
    "shared_config": {
        "distribution": "poisson",
        "trace_path": "./inter_arrival_times.json",
        "pin_memory": true,
        "seed": 42
    },
    "resnet50": {
        "arch": "resnet50",
        "batch_size": 4,
        "num_iterations": 100,
        "request_rate": 15
    },
    "resnet101": {
        "arch": "resnet101",
        "batch_size": 32,
        "num_iterations": 500,
        "request_rate": 0
    },
    "mobilenet_v2": {
        "arch": "mobilenet_v2",
        "batch_size": 64,
        "num_iterations": 10000,
        "request_rate": 0
    },
    "bert": {
        "batch_size": 8,
        "arch": "base",
        "num_iterations": 500,
        "request_rate": 0
    },
    "transformer": {
        "arch": "base",
        "batch_size": 8,
        "num_iterations": 500,
        "request_rate": 0
    },
    "nasnet-1": {
        "arch": "nasnet",
        "batch_size": 32,
        "num_iterations": 500,
        "request_rate": 0
    },
    "vgg11-1": {
        "arch": "vgg11",
        "batch_size": 32,
        "num_iterations": 500,
        "request_rate": 0
    },
    "resnet50-1": {
        "arch": "resnet50",
        "batch_size": 32,
        "num_iterations": 500,
        "request_rate": 0
    },
    "resnet101-1": {
        "arch": "resnet101",
        "batch_size": 32,
        "num_iterations": 500,
        "request_rate": 0
    },
    "mobilenet_v2-1": {
        "arch": "mobilenet_v2",
        "batch_size": 64,
        "num_iterations": 1000,
        "request_rate": 100
    },
    "bert-1": {
        "batch_size": 8,
        "arch": "base",
        "num_iterations": 1000,
        "request_rate": 8
    },
    "transformer-1": {
        "arch": "base",
        "batch_size": 8,
        "num_iterations": 1000,
        "request_rate": 20
    }
}
28/03/2024 12:29:58 INFO    : [train_imagenet.py:106] vision model with arch nasnet
28/03/2024 12:29:58 INFO    : [train_imagenet.py:106] vision model with arch nasnet
28/03/2024 12:30:15 INFO    : [main.py:96] full config:
{
    "policy": "Streams",
    "models": {
        "model0": {
            "mode": "train",
            "name": "nasnet-1"
        },
        "model1": {
            "mode": "train",
            "name": "nasnet-1"
        }
    },
    "shared_config": {
        "distribution": "poisson",
        "trace_path": "./inter_arrival_times.json",
        "pin_memory": true,
        "seed": 42
    },
    "resnet50": {
        "arch": "resnet50",
        "batch_size": 4,
        "num_iterations": 100,
        "request_rate": 15
    },
    "resnet101": {
        "arch": "resnet101",
        "batch_size": 32,
        "num_iterations": 500,
        "request_rate": 0
    },
    "mobilenet_v2": {
        "arch": "mobilenet_v2",
        "batch_size": 64,
        "num_iterations": 10000,
        "request_rate": 0
    },
    "bert": {
        "batch_size": 8,
        "arch": "base",
        "num_iterations": 500,
        "request_rate": 0
    },
    "transformer": {
        "arch": "base",
        "batch_size": 8,
        "num_iterations": 500,
        "request_rate": 0
    },
    "nasnet-1": {
        "arch": "nasnet",
        "batch_size": 32,
        "num_iterations": 500,
        "request_rate": 0
    },
    "vgg11-1": {
        "arch": "vgg11",
        "batch_size": 32,
        "num_iterations": 500,
        "request_rate": 0
    },
    "resnet50-1": {
        "arch": "resnet50",
        "batch_size": 32,
        "num_iterations": 500,
        "request_rate": 0
    },
    "resnet101-1": {
        "arch": "resnet101",
        "batch_size": 32,
        "num_iterations": 500,
        "request_rate": 0
    },
    "mobilenet_v2-1": {
        "arch": "mobilenet_v2",
        "batch_size": 64,
        "num_iterations": 1000,
        "request_rate": 100
    },
    "bert-1": {
        "batch_size": 8,
        "arch": "base",
        "num_iterations": 1000,
        "request_rate": 8
    },
    "transformer-1": {
        "arch": "base",
        "batch_size": 8,
        "num_iterations": 1000,
        "request_rate": 20
    }
}
28/03/2024 12:30:15 INFO    : [train_imagenet.py:107] vision model with arch nasnet
28/03/2024 12:30:15 INFO    : [train_imagenet.py:107] vision model with arch nasnet
28/03/2024 12:30:16 INFO    : [train_imagenet.py:55] model is set up with num iterations 500
28/03/2024 12:30:16 INFO    : [train_imagenet.py:55] model is set up with num iterations 500
28/03/2024 12:31:20 INFO    : [train_imagenet.py:100] tid 1 it takes 61.77445101737976 seconds to train imagenet
28/03/2024 12:31:20 INFO    : [train_imagenet.py:100] tid 0 it takes 61.708412170410156 seconds to train imagenet
28/03/2024 12:35:29 INFO    : [main.py:96] full config:
{
    "policy": "TickTock",
    "models": {
        "model0": {
            "mode": "train",
            "name": "nasnet-1"
        },
        "model1": {
            "mode": "train",
            "name": "nasnet-1"
        }
    },
    "shared_config": {
        "distribution": "poisson",
        "trace_path": "./inter_arrival_times.json",
        "pin_memory": true,
        "seed": 42
    },
    "resnet50": {
        "arch": "resnet50",
        "batch_size": 4,
        "num_iterations": 100,
        "request_rate": 15
    },
    "resnet101": {
        "arch": "resnet101",
        "batch_size": 32,
        "num_iterations": 500,
        "request_rate": 0
    },
    "mobilenet_v2": {
        "arch": "mobilenet_v2",
        "batch_size": 64,
        "num_iterations": 10000,
        "request_rate": 0
    },
    "bert": {
        "batch_size": 8,
        "arch": "base",
        "num_iterations": 500,
        "request_rate": 0
    },
    "transformer": {
        "arch": "base",
        "batch_size": 8,
        "num_iterations": 500,
        "request_rate": 0
    },
    "nasnet-1": {
        "arch": "nasnet",
        "batch_size": 32,
        "num_iterations": 500,
        "request_rate": 0
    },
    "vgg11-1": {
        "arch": "vgg11",
        "batch_size": 32,
        "num_iterations": 500,
        "request_rate": 0
    },
    "resnet50-1": {
        "arch": "resnet50",
        "batch_size": 32,
        "num_iterations": 500,
        "request_rate": 0
    },
    "resnet101-1": {
        "arch": "resnet101",
        "batch_size": 32,
        "num_iterations": 500,
        "request_rate": 0
    },
    "mobilenet_v2-1": {
        "arch": "mobilenet_v2",
        "batch_size": 64,
        "num_iterations": 1000,
        "request_rate": 100
    },
    "bert-1": {
        "batch_size": 8,
        "arch": "base",
        "num_iterations": 1000,
        "request_rate": 8
    },
    "transformer-1": {
        "arch": "base",
        "batch_size": 8,
        "num_iterations": 1000,
        "request_rate": 20
    }
}
28/03/2024 12:35:30 INFO    : [train_imagenet.py:107] vision model with arch nasnet
28/03/2024 12:35:30 INFO    : [train_imagenet.py:107] vision model with arch nasnet
28/03/2024 12:35:31 INFO    : [train_imagenet.py:55] model is set up with num iterations 500
28/03/2024 12:35:31 INFO    : [train_imagenet.py:55] model is set up with num iterations 500
28/03/2024 12:36:38 INFO    : [train_imagenet.py:100] tid 1 it takes 65.14381003379822 seconds to train imagenet
28/03/2024 12:36:38 INFO    : [train_imagenet.py:100] tid 0 it takes 65.08276891708374 seconds to train imagenet
28/03/2024 12:38:52 INFO    : [main.py:96] full config:
{
    "policy": "TickTock",
    "models": {
        "model0": {
            "mode": "train",
            "name": "nasnet-1"
        },
        "model1": {
            "mode": "train",
            "name": "nasnet-1"
        }
    },
    "shared_config": {
        "distribution": "poisson",
        "trace_path": "./inter_arrival_times.json",
        "pin_memory": true,
        "seed": 42
    },
    "resnet50": {
        "arch": "resnet50",
        "batch_size": 4,
        "num_iterations": 100,
        "request_rate": 15
    },
    "resnet101": {
        "arch": "resnet101",
        "batch_size": 32,
        "num_iterations": 500,
        "request_rate": 0
    },
    "mobilenet_v2": {
        "arch": "mobilenet_v2",
        "batch_size": 64,
        "num_iterations": 10000,
        "request_rate": 0
    },
    "bert": {
        "batch_size": 8,
        "arch": "base",
        "num_iterations": 500,
        "request_rate": 0
    },
    "transformer": {
        "arch": "base",
        "batch_size": 8,
        "num_iterations": 500,
        "request_rate": 0
    },
    "nasnet-1": {
        "arch": "nasnet",
        "batch_size": 8,
        "num_iterations": 500,
        "request_rate": 0
    },
    "vgg11-1": {
        "arch": "vgg11",
        "batch_size": 32,
        "num_iterations": 500,
        "request_rate": 0
    },
    "resnet50-1": {
        "arch": "resnet50",
        "batch_size": 32,
        "num_iterations": 500,
        "request_rate": 0
    },
    "resnet101-1": {
        "arch": "resnet101",
        "batch_size": 32,
        "num_iterations": 500,
        "request_rate": 0
    },
    "mobilenet_v2-1": {
        "arch": "mobilenet_v2",
        "batch_size": 64,
        "num_iterations": 1000,
        "request_rate": 100
    },
    "bert-1": {
        "batch_size": 8,
        "arch": "base",
        "num_iterations": 1000,
        "request_rate": 8
    },
    "transformer-1": {
        "arch": "base",
        "batch_size": 8,
        "num_iterations": 1000,
        "request_rate": 20
    }
}
28/03/2024 12:38:52 INFO    : [train_imagenet.py:107] vision model with arch nasnet
28/03/2024 12:38:52 INFO    : [train_imagenet.py:107] vision model with arch nasnet
28/03/2024 12:38:53 INFO    : [train_imagenet.py:55] model is set up with num iterations 500
28/03/2024 12:38:53 INFO    : [train_imagenet.py:55] model is set up with num iterations 500
28/03/2024 12:40:10 INFO    : [train_imagenet.py:100] tid 1 it takes 74.25177073478699 seconds to train imagenet
28/03/2024 12:40:10 INFO    : [train_imagenet.py:100] tid 0 it takes 74.18423581123352 seconds to train imagenet
28/03/2024 12:42:31 INFO    : [main.py:96] full config:
{
    "policy": "TickTock",
    "models": {
        "model0": {
            "mode": "train",
            "name": "nasnet-1"
        },
        "model1": {
            "mode": "train",
            "name": "nasnet-1"
        }
    },
    "shared_config": {
        "distribution": "poisson",
        "trace_path": "./inter_arrival_times.json",
        "pin_memory": true,
        "seed": 42
    },
    "resnet50": {
        "arch": "resnet50",
        "batch_size": 4,
        "num_iterations": 100,
        "request_rate": 15
    },
    "resnet101": {
        "arch": "resnet101",
        "batch_size": 32,
        "num_iterations": 500,
        "request_rate": 0
    },
    "mobilenet_v2": {
        "arch": "mobilenet_v2",
        "batch_size": 64,
        "num_iterations": 10000,
        "request_rate": 0
    },
    "bert": {
        "batch_size": 8,
        "arch": "base",
        "num_iterations": 500,
        "request_rate": 0
    },
    "transformer": {
        "arch": "base",
        "batch_size": 8,
        "num_iterations": 500,
        "request_rate": 0
    },
    "nasnet-1": {
        "arch": "nasnet",
        "batch_size": 32,
        "num_iterations": 500,
        "request_rate": 0
    },
    "vgg11-1": {
        "arch": "vgg11",
        "batch_size": 32,
        "num_iterations": 500,
        "request_rate": 0
    },
    "resnet50-1": {
        "arch": "resnet50",
        "batch_size": 32,
        "num_iterations": 500,
        "request_rate": 0
    },
    "resnet101-1": {
        "arch": "resnet101",
        "batch_size": 32,
        "num_iterations": 500,
        "request_rate": 0
    },
    "mobilenet_v2-1": {
        "arch": "mobilenet_v2",
        "batch_size": 64,
        "num_iterations": 1000,
        "request_rate": 100
    },
    "bert-1": {
        "batch_size": 8,
        "arch": "base",
        "num_iterations": 1000,
        "request_rate": 8
    },
    "transformer-1": {
        "arch": "base",
        "batch_size": 8,
        "num_iterations": 1000,
        "request_rate": 20
    }
}
28/03/2024 12:42:32 INFO    : [train_imagenet.py:107] vision model with arch nasnet
28/03/2024 12:42:32 INFO    : [train_imagenet.py:107] vision model with arch nasnet
28/03/2024 12:42:33 INFO    : [train_imagenet.py:55] model is set up with num iterations 500
28/03/2024 12:42:33 INFO    : [train_imagenet.py:55] model is set up with num iterations 500
28/03/2024 12:43:38 INFO    : [train_imagenet.py:100] tid 1 it takes 63.28054070472717 seconds to train imagenet
28/03/2024 12:43:38 INFO    : [train_imagenet.py:100] tid 0 it takes 63.22029256820679 seconds to train imagenet
28/03/2024 12:46:13 INFO    : [main.py:96] full config:
{
    "policy": "TickTock",
    "models": {
        "model0": {
            "mode": "train",
            "name": "nasnet-1"
        },
        "model1": {
            "mode": "train",
            "name": "nasnet-1"
        }
    },
    "shared_config": {
        "distribution": "poisson",
        "trace_path": "./inter_arrival_times.json",
        "pin_memory": true,
        "seed": 42
    },
    "resnet50": {
        "arch": "resnet50",
        "batch_size": 4,
        "num_iterations": 100,
        "request_rate": 15
    },
    "resnet101": {
        "arch": "resnet101",
        "batch_size": 32,
        "num_iterations": 500,
        "request_rate": 0
    },
    "mobilenet_v2": {
        "arch": "mobilenet_v2",
        "batch_size": 64,
        "num_iterations": 10000,
        "request_rate": 0
    },
    "bert": {
        "batch_size": 8,
        "arch": "base",
        "num_iterations": 500,
        "request_rate": 0
    },
    "transformer": {
        "arch": "base",
        "batch_size": 8,
        "num_iterations": 500,
        "request_rate": 0
    },
    "nasnet-1": {
        "arch": "nasnet",
        "batch_size": 32,
        "num_iterations": 500,
        "request_rate": 0
    },
    "vgg11-1": {
        "arch": "vgg11",
        "batch_size": 32,
        "num_iterations": 500,
        "request_rate": 0
    },
    "resnet50-1": {
        "arch": "resnet50",
        "batch_size": 32,
        "num_iterations": 500,
        "request_rate": 0
    },
    "resnet101-1": {
        "arch": "resnet101",
        "batch_size": 32,
        "num_iterations": 500,
        "request_rate": 0
    },
    "mobilenet_v2-1": {
        "arch": "mobilenet_v2",
        "batch_size": 64,
        "num_iterations": 1000,
        "request_rate": 100
    },
    "bert-1": {
        "batch_size": 8,
        "arch": "base",
        "num_iterations": 1000,
        "request_rate": 8
    },
    "transformer-1": {
        "arch": "base",
        "batch_size": 8,
        "num_iterations": 1000,
        "request_rate": 20
    }
}
28/03/2024 12:46:13 INFO    : [train_imagenet.py:107] vision model with arch nasnet
28/03/2024 12:46:13 INFO    : [train_imagenet.py:107] vision model with arch nasnet
28/03/2024 12:46:14 INFO    : [train_imagenet.py:55] model is set up with num iterations 500
28/03/2024 12:46:14 INFO    : [train_imagenet.py:55] model is set up with num iterations 500
28/03/2024 12:47:20 INFO    : [train_imagenet.py:100] tid 1 it takes 64.25999474525452 seconds to train imagenet
28/03/2024 12:47:20 INFO    : [train_imagenet.py:100] tid 0 it takes 64.19841837882996 seconds to train imagenet
28/03/2024 12:52:28 INFO    : [main.py:96] full config:
{
    "policy": "TickTock",
    "models": {
        "model0": {
            "mode": "train",
            "name": "nasnet-1"
        },
        "model1": {
            "mode": "train",
            "name": "nasnet-1"
        }
    },
    "shared_config": {
        "distribution": "poisson",
        "trace_path": "./inter_arrival_times.json",
        "pin_memory": true,
        "seed": 42
    },
    "resnet50": {
        "arch": "resnet50",
        "batch_size": 4,
        "num_iterations": 100,
        "request_rate": 15
    },
    "resnet101": {
        "arch": "resnet101",
        "batch_size": 32,
        "num_iterations": 500,
        "request_rate": 0
    },
    "mobilenet_v2": {
        "arch": "mobilenet_v2",
        "batch_size": 64,
        "num_iterations": 10000,
        "request_rate": 0
    },
    "bert": {
        "batch_size": 8,
        "arch": "base",
        "num_iterations": 500,
        "request_rate": 0
    },
    "transformer": {
        "arch": "base",
        "batch_size": 8,
        "num_iterations": 500,
        "request_rate": 0
    },
    "nasnet-1": {
        "arch": "nasnet",
        "batch_size": 8,
        "num_iterations": 500,
        "request_rate": 0
    },
    "vgg11-1": {
        "arch": "vgg11",
        "batch_size": 32,
        "num_iterations": 500,
        "request_rate": 0
    },
    "resnet50-1": {
        "arch": "resnet50",
        "batch_size": 32,
        "num_iterations": 500,
        "request_rate": 0
    },
    "resnet101-1": {
        "arch": "resnet101",
        "batch_size": 32,
        "num_iterations": 500,
        "request_rate": 0
    },
    "mobilenet_v2-1": {
        "arch": "mobilenet_v2",
        "batch_size": 64,
        "num_iterations": 1000,
        "request_rate": 100
    },
    "bert-1": {
        "batch_size": 8,
        "arch": "base",
        "num_iterations": 1000,
        "request_rate": 8
    },
    "transformer-1": {
        "arch": "base",
        "batch_size": 8,
        "num_iterations": 1000,
        "request_rate": 20
    }
}
28/03/2024 12:52:28 INFO    : [train_imagenet.py:107] vision model with arch nasnet
28/03/2024 12:52:28 INFO    : [train_imagenet.py:107] vision model with arch nasnet
28/03/2024 12:52:29 INFO    : [train_imagenet.py:55] model is set up with num iterations 500
28/03/2024 12:52:29 INFO    : [train_imagenet.py:55] model is set up with num iterations 500
28/03/2024 12:53:45 INFO    : [train_imagenet.py:100] tid 1 it takes 74.26337218284607 seconds to train imagenet
28/03/2024 12:53:45 INFO    : [train_imagenet.py:100] tid 0 it takes 74.20041465759277 seconds to train imagenet
28/03/2024 13:00:40 INFO    : [main.py:96] full config:
{
    "policy": "TickTock",
    "models": {
        "model0": {
            "mode": "train",
            "name": "nasnet-1"
        },
        "model1": {
            "mode": "train",
            "name": "nasnet-1"
        }
    },
    "shared_config": {
        "distribution": "poisson",
        "trace_path": "./inter_arrival_times.json",
        "pin_memory": true,
        "seed": 42
    },
    "resnet50": {
        "arch": "resnet50",
        "batch_size": 4,
        "num_iterations": 100,
        "request_rate": 15
    },
    "resnet101": {
        "arch": "resnet101",
        "batch_size": 32,
        "num_iterations": 500,
        "request_rate": 0
    },
    "mobilenet_v2": {
        "arch": "mobilenet_v2",
        "batch_size": 64,
        "num_iterations": 10000,
        "request_rate": 0
    },
    "bert": {
        "batch_size": 8,
        "arch": "base",
        "num_iterations": 500,
        "request_rate": 0
    },
    "transformer": {
        "arch": "base",
        "batch_size": 8,
        "num_iterations": 500,
        "request_rate": 0
    },
    "nasnet-1": {
        "arch": "nasnet",
        "batch_size": 8,
        "num_iterations": 500,
        "request_rate": 0
    },
    "vgg11-1": {
        "arch": "vgg11",
        "batch_size": 32,
        "num_iterations": 500,
        "request_rate": 0
    },
    "resnet50-1": {
        "arch": "resnet50",
        "batch_size": 32,
        "num_iterations": 500,
        "request_rate": 0
    },
    "resnet101-1": {
        "arch": "resnet101",
        "batch_size": 32,
        "num_iterations": 500,
        "request_rate": 0
    },
    "mobilenet_v2-1": {
        "arch": "mobilenet_v2",
        "batch_size": 64,
        "num_iterations": 1000,
        "request_rate": 100
    },
    "bert-1": {
        "batch_size": 8,
        "arch": "base",
        "num_iterations": 1000,
        "request_rate": 8
    },
    "transformer-1": {
        "arch": "base",
        "batch_size": 8,
        "num_iterations": 1000,
        "request_rate": 20
    }
}
28/03/2024 13:00:41 INFO    : [train_imagenet.py:107] vision model with arch nasnet
28/03/2024 13:00:41 INFO    : [train_imagenet.py:107] vision model with arch nasnet
28/03/2024 13:00:43 INFO    : [train_imagenet.py:55] model is set up with num iterations 500
28/03/2024 13:00:43 INFO    : [train_imagenet.py:55] model is set up with num iterations 500
28/03/2024 13:03:14 INFO    : [train_imagenet.py:100] tid 1 it takes 146.9926426410675 seconds to train imagenet
28/03/2024 13:03:14 INFO    : [train_imagenet.py:100] tid 0 it takes 146.87778759002686 seconds to train imagenet
28/03/2024 13:58:27 INFO    : [main.py:96] full config:
{
    "policy": "MPS",
    "models": {
        "model0": {
            "mode": "train",
            "name": "nasnet-1"
        },
        "model1": {
            "mode": "train",
            "name": "nasnet-1"
        }
    },
    "shared_config": {
        "distribution": "poisson",
        "trace_path": "./inter_arrival_times.json",
        "pin_memory": true,
        "seed": 42
    },
    "resnet50": {
        "arch": "resnet50",
        "batch_size": 4,
        "num_iterations": 100,
        "request_rate": 15
    },
    "resnet101": {
        "arch": "resnet101",
        "batch_size": 32,
        "num_iterations": 500,
        "request_rate": 0
    },
    "mobilenet_v2": {
        "arch": "mobilenet_v2",
        "batch_size": 64,
        "num_iterations": 10000,
        "request_rate": 0
    },
    "bert": {
        "batch_size": 8,
        "arch": "base",
        "num_iterations": 500,
        "request_rate": 0
    },
    "transformer": {
        "arch": "base",
        "batch_size": 8,
        "num_iterations": 500,
        "request_rate": 0
    },
    "nasnet-1": {
        "arch": "nasnet",
        "batch_size": 8,
        "num_iterations": 500,
        "request_rate": 0
    },
    "vgg11-1": {
        "arch": "vgg11",
        "batch_size": 8,
        "num_iterations": 500,
        "request_rate": 0
    },
    "resnet50-1": {
        "arch": "resnet50",
        "batch_size": 8,
        "num_iterations": 500,
        "request_rate": 0
    },
    "resnet101-1": {
        "arch": "resnet101",
        "batch_size": 8,
        "num_iterations": 500,
        "request_rate": 0
    },
    "mobilenet_v2-1": {
        "arch": "mobilenet_v2",
        "batch_size": 64,
        "num_iterations": 1000,
        "request_rate": 100
    },
    "bert-1": {
        "batch_size": 8,
        "arch": "base",
        "num_iterations": 500,
        "request_rate": 0
    },
    "transformer-1": {
        "arch": "base",
        "batch_size": 8,
        "num_iterations": 1000,
        "request_rate": 20
    }
}
28/03/2024 14:02:10 INFO    : [main.py:96] full config:
{
    "policy": "MPS",
    "models": {
        "model0": {
            "mode": "train",
            "name": "nasnet-1"
        },
        "model1": {
            "mode": "train",
            "name": "nasnet-1"
        }
    },
    "shared_config": {
        "distribution": "poisson",
        "trace_path": "./inter_arrival_times.json",
        "pin_memory": true,
        "seed": 42
    },
    "resnet50": {
        "arch": "resnet50",
        "batch_size": 4,
        "num_iterations": 100,
        "request_rate": 15
    },
    "resnet101": {
        "arch": "resnet101",
        "batch_size": 32,
        "num_iterations": 500,
        "request_rate": 0
    },
    "mobilenet_v2": {
        "arch": "mobilenet_v2",
        "batch_size": 64,
        "num_iterations": 10000,
        "request_rate": 0
    },
    "bert": {
        "batch_size": 8,
        "arch": "base",
        "num_iterations": 500,
        "request_rate": 0
    },
    "transformer": {
        "arch": "base",
        "batch_size": 8,
        "num_iterations": 500,
        "request_rate": 0
    },
    "nasnet-1": {
        "arch": "nasnet",
        "batch_size": 8,
        "num_iterations": 500,
        "request_rate": 0
    },
    "vgg11-1": {
        "arch": "vgg11",
        "batch_size": 8,
        "num_iterations": 500,
        "request_rate": 0
    },
    "resnet50-1": {
        "arch": "resnet50",
        "batch_size": 8,
        "num_iterations": 500,
        "request_rate": 0
    },
    "resnet101-1": {
        "arch": "resnet101",
        "batch_size": 8,
        "num_iterations": 500,
        "request_rate": 0
    },
    "mobilenet_v2-1": {
        "arch": "mobilenet_v2",
        "batch_size": 64,
        "num_iterations": 1000,
        "request_rate": 100
    },
    "bert-1": {
        "batch_size": 8,
        "arch": "base",
        "num_iterations": 500,
        "request_rate": 0
    },
    "transformer-1": {
        "arch": "base",
        "batch_size": 8,
        "num_iterations": 1000,
        "request_rate": 20
    }
}
28/03/2024 15:33:08 INFO    : [main.py:96] full config:
{
    "policy": "Streams",
    "models": {
        "model0": {
            "mode": "train",
            "name": "nasnet-1"
        },
        "model1": {
            "mode": "train",
            "name": "nasnet-1"
        }
    },
    "shared_config": {
        "distribution": "poisson",
        "trace_path": "./inter_arrival_times.json",
        "pin_memory": true,
        "seed": 42
    },
    "resnet50": {
        "arch": "resnet50",
        "batch_size": 4,
        "num_iterations": 100,
        "request_rate": 15
    },
    "resnet101": {
        "arch": "resnet101",
        "batch_size": 32,
        "num_iterations": 500,
        "request_rate": 0
    },
    "mobilenet_v2": {
        "arch": "mobilenet_v2",
        "batch_size": 64,
        "num_iterations": 10000,
        "request_rate": 0
    },
    "bert": {
        "batch_size": 8,
        "arch": "base",
        "num_iterations": 500,
        "request_rate": 0
    },
    "transformer": {
        "arch": "base",
        "batch_size": 8,
        "num_iterations": 500,
        "request_rate": 0
    },
    "nasnet-1": {
        "arch": "nasnet",
        "batch_size": 8,
        "num_iterations": 1000,
        "request_rate": 0
    },
    "vgg11-1": {
        "arch": "vgg11",
        "batch_size": 8,
        "num_iterations": 1000,
        "request_rate": 0
    },
    "resnet50-1": {
        "arch": "resnet50",
        "batch_size": 8,
        "num_iterations": 1000,
        "request_rate": 0
    },
    "resnet101-1": {
        "arch": "resnet101",
        "batch_size": 8,
        "num_iterations": 1000,
        "request_rate": 0
    },
    "mobilenet_v2-1": {
        "arch": "mobilenet_v2",
        "batch_size": 64,
        "num_iterations": 1000,
        "request_rate": 100
    },
    "bert-1": {
        "batch_size": 8,
        "arch": "base",
        "num_iterations": 1000,
        "request_rate": 0
    },
    "transformer-1": {
        "arch": "base",
        "batch_size": 8,
        "num_iterations": 1000,
        "request_rate": 20
    }
}
28/03/2024 15:33:08 INFO    : [train_imagenet.py:107] vision model with arch nasnet
28/03/2024 15:33:08 INFO    : [train_imagenet.py:107] vision model with arch nasnet
28/03/2024 15:33:10 INFO    : [train_imagenet.py:55] model is set up with num iterations 1000
28/03/2024 15:33:10 INFO    : [train_imagenet.py:55] model is set up with num iterations 1000
28/03/2024 15:37:19 INFO    : [train_imagenet.py:100] tid 0 it takes 218.11056518554688 seconds to train imagenet
28/03/2024 15:37:19 INFO    : [train_imagenet.py:100] tid 1 it takes 218.32273483276367 seconds to train imagenet
29/03/2024 05:12:46 INFO    : [main.py:96] full config:
{
    "policy": "Sequential",
    "models": {
        "model0": {
            "mode": "train",
            "name": "nasnet-1"
        },
        "model1": {
            "mode": "train",
            "name": "nasnet-1"
        }
    },
    "shared_config": {
        "distribution": "poisson",
        "trace_path": "./inter_arrival_times.json",
        "pin_memory": true,
        "seed": 42
    },
    "resnet50": {
        "arch": "resnet50",
        "batch_size": 4,
        "num_iterations": 100,
        "request_rate": 15
    },
    "resnet101": {
        "arch": "resnet101",
        "batch_size": 32,
        "num_iterations": 500,
        "request_rate": 0
    },
    "mobilenet_v2": {
        "arch": "mobilenet_v2",
        "batch_size": 64,
        "num_iterations": 10000,
        "request_rate": 0
    },
    "bert": {
        "batch_size": 8,
        "arch": "base",
        "num_iterations": 500,
        "request_rate": 0
    },
    "transformer": {
        "arch": "base",
        "batch_size": 8,
        "num_iterations": 500,
        "request_rate": 0
    },
    "nasnet-1": {
        "arch": "nasnet",
        "batch_size": 8,
        "num_iterations": 1000,
        "request_rate": 0
    },
    "vgg11-1": {
        "arch": "vgg11",
        "batch_size": 8,
        "num_iterations": 1000,
        "request_rate": 0
    },
    "resnet50-1": {
        "arch": "resnet50",
        "batch_size": 8,
        "num_iterations": 1000,
        "request_rate": 0
    },
    "resnet101-1": {
        "arch": "resnet101",
        "batch_size": 8,
        "num_iterations": 1000,
        "request_rate": 0
    },
    "mobilenet_v2-1": {
        "arch": "mobilenet_v2",
        "batch_size": 64,
        "num_iterations": 1000,
        "request_rate": 100
    },
    "bert-1": {
        "batch_size": 8,
        "arch": "base",
        "num_iterations": 1000,
        "request_rate": 0
    },
    "transformer-1": {
        "arch": "base",
        "batch_size": 8,
        "num_iterations": 1000,
        "request_rate": 20
    }
}
29/03/2024 05:12:46 INFO    : [train_imagenet.py:107] vision model with arch nasnet
29/03/2024 05:12:46 INFO    : [train_imagenet.py:107] vision model with arch nasnet
29/03/2024 05:12:49 INFO    : [train_imagenet.py:55] model is set up with num iterations 1000
29/03/2024 05:12:49 INFO    : [train_imagenet.py:55] model is set up with num iterations 1000
29/03/2024 05:18:24 INFO    : [train_imagenet.py:100] tid 1 it takes 301.49684619903564 seconds to train imagenet
29/03/2024 05:18:24 INFO    : [train_imagenet.py:100] tid 0 it takes 301.2861969470978 seconds to train imagenet
